[2021-09-03 08:57:51.716] [exthost] [info] extension host started
[2021-09-03 08:57:51.720] [exthost] [error] Error: EEXIST: file already exists, open '/home/david/.vscode-server/data/User/workspaceStorage/fdd918a8d984f0fd3205936aacacad34/vscode.lock'
[2021-09-03 08:57:51.735] [exthost] [info] Lock '/home/david/.vscode-server/data/User/workspaceStorage/fdd918a8d984f0fd3205936aacacad34/vscode.lock': Could not acquire lock, checking if the file is stale.
[2021-09-03 08:57:51.752] [exthost] [info] Lock '/home/david/.vscode-server/data/User/workspaceStorage/fdd918a8d984f0fd3205936aacacad34/vscode.lock': The lock does not look stale, elapsed: 267 ms, giving up.
[2021-09-03 08:57:51.753] [exthost] [info] Lock '/home/david/.vscode-server/data/User/workspaceStorage/fdd918a8d984f0fd3205936aacacad34-1/vscode.lock': Lock acquired.
[2021-09-03 08:57:52.402] [exthost] [info] ExtensionService#_doActivateExtension vscode.configuration-editing {"startup":false,"extensionId":{"value":"vscode.configuration-editing","_lower":"vscode.configuration-editing"},"activationEvent":"onLanguage:json"}
[2021-09-03 08:57:52.403] [exthost] [info] ExtensionService#loadCommonJSModule file:///home/david/.vscode-server/bin/e7d7e9a9348e6a8cc8c03f877d39cb72e5dfb1ff/extensions/configuration-editing/dist/configurationEditingMain
[2021-09-03 08:57:52.435] [exthost] [info] ExtensionService#_doActivateExtension vscode.extension-editing {"startup":false,"extensionId":{"value":"vscode.extension-editing","_lower":"vscode.extension-editing"},"activationEvent":"onLanguage:json"}
[2021-09-03 08:57:52.435] [exthost] [info] ExtensionService#loadCommonJSModule file:///home/david/.vscode-server/bin/e7d7e9a9348e6a8cc8c03f877d39cb72e5dfb1ff/extensions/extension-editing/dist/extensionEditingMain
[2021-09-03 08:57:52.530] [exthost] [info] ExtensionService#_doActivateExtension vscode.json-language-features {"startup":false,"extensionId":{"value":"vscode.json-language-features","_lower":"vscode.json-language-features"},"activationEvent":"onLanguage:json"}
[2021-09-03 08:57:52.531] [exthost] [info] ExtensionService#loadCommonJSModule file:///home/david/.vscode-server/bin/e7d7e9a9348e6a8cc8c03f877d39cb72e5dfb1ff/extensions/json-language-features/client/dist/node/jsonClientMain
[2021-09-03 08:57:52.893] [exthost] [info] ExtensionService#_doActivateExtension vscode.npm {"startup":false,"extensionId":{"value":"vscode.npm","_lower":"vscode.npm"},"activationEvent":"onLanguage:json"}
[2021-09-03 08:57:52.893] [exthost] [info] ExtensionService#loadCommonJSModule file:///home/david/.vscode-server/bin/e7d7e9a9348e6a8cc8c03f877d39cb72e5dfb1ff/extensions/npm/dist/npmMain
[2021-09-03 08:57:53.062] [exthost] [info] ExtensionService#_doActivateExtension vscode.typescript-language-features {"startup":false,"extensionId":{"value":"vscode.typescript-language-features","_lower":"vscode.typescript-language-features"},"activationEvent":"onLanguage:javascript"}
[2021-09-03 08:57:53.062] [exthost] [info] ExtensionService#loadCommonJSModule file:///home/david/.vscode-server/bin/e7d7e9a9348e6a8cc8c03f877d39cb72e5dfb1ff/extensions/typescript-language-features/dist/extension
[2021-09-03 08:57:53.269] [exthost] [info] ExtensionService#_doActivateExtension vscode.php-language-features {"startup":false,"extensionId":{"value":"vscode.php-language-features","_lower":"vscode.php-language-features"},"activationEvent":"onLanguage:php"}
[2021-09-03 08:57:53.269] [exthost] [info] ExtensionService#loadCommonJSModule file:///home/david/.vscode-server/bin/e7d7e9a9348e6a8cc8c03f877d39cb72e5dfb1ff/extensions/php-language-features/dist/phpMain
[2021-09-03 08:57:53.312] [exthost] [info] ExtensionService#_doActivateExtension vscode.debug-auto-launch {"startup":true,"extensionId":{"value":"vscode.debug-auto-launch","_lower":"vscode.debug-auto-launch"},"activationEvent":"*"}
[2021-09-03 08:57:53.312] [exthost] [info] ExtensionService#loadCommonJSModule file:///home/david/.vscode-server/bin/e7d7e9a9348e6a8cc8c03f877d39cb72e5dfb1ff/extensions/debug-auto-launch/dist/extension
[2021-09-03 08:57:53.322] [exthost] [info] ExtensionService#_doActivateExtension vscode.git {"startup":true,"extensionId":{"value":"vscode.github","_lower":"vscode.github"},"activationEvent":"*"}
[2021-09-03 08:57:53.322] [exthost] [info] ExtensionService#loadCommonJSModule file:///home/david/.vscode-server/bin/e7d7e9a9348e6a8cc8c03f877d39cb72e5dfb1ff/extensions/git/dist/main
[2021-09-03 08:57:54.260] [exthost] [info] ExtensionService#_doActivateExtension vscode.github {"startup":true,"extensionId":{"value":"vscode.github","_lower":"vscode.github"},"activationEvent":"*"}
[2021-09-03 08:57:54.260] [exthost] [info] ExtensionService#loadCommonJSModule file:///home/david/.vscode-server/bin/e7d7e9a9348e6a8cc8c03f877d39cb72e5dfb1ff/extensions/github/dist/extension.js
[2021-09-03 08:57:54.495] [exthost] [info] ExtensionService#_doActivateExtension ms-vscode.js-debug {"startup":false,"extensionId":{"value":"ms-vscode.js-debug","_lower":"ms-vscode.js-debug"},"activationEvent":"onCommand:extension.js-debug.clearAutoAttachVariables"}
[2021-09-03 08:57:54.495] [exthost] [info] ExtensionService#loadCommonJSModule file:///home/david/.vscode-server/bin/e7d7e9a9348e6a8cc8c03f877d39cb72e5dfb1ff/extensions/ms-vscode.js-debug/src/extension.js
[2021-09-03 08:57:55.708] [exthost] [info] ExtensionService#_doActivateExtension vscode.emmet {"startup":false,"extensionId":{"value":"vscode.emmet","_lower":"vscode.emmet"},"activationEvent":"onStartupFinished"}
[2021-09-03 08:57:55.708] [exthost] [info] ExtensionService#loadCommonJSModule file:///home/david/.vscode-server/bin/e7d7e9a9348e6a8cc8c03f877d39cb72e5dfb1ff/extensions/emmet/dist/node/emmetNodeMain
[2021-09-03 08:57:55.745] [exthost] [info] ExtensionService#_doActivateExtension vscode.merge-conflict {"startup":false,"extensionId":{"value":"vscode.merge-conflict","_lower":"vscode.merge-conflict"},"activationEvent":"onStartupFinished"}
[2021-09-03 08:57:55.746] [exthost] [info] ExtensionService#loadCommonJSModule file:///home/david/.vscode-server/bin/e7d7e9a9348e6a8cc8c03f877d39cb72e5dfb1ff/extensions/merge-conflict/dist/mergeConflictMain
[2021-09-03 08:57:55.757] [exthost] [info] eager extensions activated
[2021-09-03 18:25:59.302] [exthost] [info] extension host terminating: received terminate message from renderer
[2021-09-03 18:25:59.303] [exthost] [info] Lock '/home/david/.vscode-server/data/User/workspaceStorage/fdd918a8d984f0fd3205936aacacad34-1/vscode.lock': Marking the lockfile as scheduled to be released in 6000 ms.
[2021-09-03 18:26:00.395] [exthost] [info] exiting with code 0
