0 info it worked if it ends with ok
1 verbose cli [ '/usr/bin/node', '/usr/bin/npm', 'run', 'development' ]
2 info using npm@6.14.4
3 info using node@v10.19.0
4 verbose run-script [ 'predevelopment', 'development', 'postdevelopment' ]
5 info lifecycle @~predevelopment: @
6 info lifecycle @~development: @
7 verbose lifecycle @~development: unsafe-perm in lifecycle true
8 verbose lifecycle @~development: PATH: /usr/share/npm/node_modules/npm-lifecycle/node-gyp-bin:/home/david/lineking/node_modules/.bin:/usr/share/npm/node_modules/npm-lifecycle/node-gyp-bin:/home/david/lineking/node_modules/.bin:/home/david/.vscode-server/bin/3866c3553be8b268c8a7f8c0482c0c0177aa8bfa/bin:/usr/local/sbin:/usr/local/bin:/usr/sbin:/usr/bin:/sbin:/bin:/usr/games:/usr/local/games:/mnt/c/Python27/:/mnt/c/Python27/Scripts:/mnt/c/WINDOWS/system32:/mnt/c/WINDOWS:/mnt/c/WINDOWS/System32/Wbem:/mnt/c/WINDOWS/System32/WindowsPowerShell/v1.0/:/mnt/c/WINDOWS/System32/OpenSSH/:/mnt/c/ProgramData/chocolatey/bin:/mnt/c/Program Files/nodejs/:/mnt/c/Program Files/Java/jdk1.8.0_211/bin:/mnt/c/Program Files/Docker/Docker/resources/bin:/mnt/c/ProgramData/DockerDesktop/version-bin:/mnt/c/Users/USER/AppData/Local/Microsoft/WindowsApps:/mnt/c/Users/USER/AppData/Local/Programs/Microsoft VS Code/bin:/mnt/c/Users/USER/AppData/Roaming/npm:/mnt/c/Program Files/nodejs:/mnt/c/Users/USER/AppData/Local/Android/Sdk/platform-tools
9 verbose lifecycle @~development: CWD: /home/david/lineking
10 silly lifecycle @~development: Args: [ '-c', 'mix' ]
11 silly lifecycle @~development: Returned: code: 1  signal: null
12 info lifecycle @~development: Failed to exec development script
13 verbose stack Error: @ development: `mix`
13 verbose stack Exit status 1
13 verbose stack     at EventEmitter.<anonymous> (/usr/share/npm/node_modules/npm-lifecycle/index.js:332:16)
13 verbose stack     at EventEmitter.emit (events.js:198:13)
13 verbose stack     at ChildProcess.<anonymous> (/usr/share/npm/node_modules/npm-lifecycle/lib/spawn.js:55:14)
13 verbose stack     at ChildProcess.emit (events.js:198:13)
13 verbose stack     at maybeClose (internal/child_process.js:982:16)
13 verbose stack     at Process.ChildProcess._handle.onexit (internal/child_process.js:259:5)
14 verbose pkgid @
15 verbose cwd /home/david/lineking
16 verbose Linux 5.10.16.3-microsoft-standard-WSL2
17 verbose argv "/usr/bin/node" "/usr/bin/npm" "run" "development"
18 verbose node v10.19.0
19 verbose npm  v6.14.4
20 error code ELIFECYCLE
21 error errno 1
22 error @ development: `mix`
22 error Exit status 1
23 error Failed at the @ development script.
23 error This is probably not a problem with npm. There is likely additional logging output above.
24 verbose exit [ 1, true ]
