[2021-09-03 08:54:52.813] [exthost] [info] extension host started
[2021-09-03 08:54:52.819] [exthost] [error] Error: EEXIST: file already exists, open '/home/david/.vscode-server/data/User/workspaceStorage/fdd918a8d984f0fd3205936aacacad34/vscode.lock'
[2021-09-03 08:54:52.841] [exthost] [info] Lock '/home/david/.vscode-server/data/User/workspaceStorage/fdd918a8d984f0fd3205936aacacad34/vscode.lock': Could not acquire lock, checking if the file is stale.
[2021-09-03 08:54:52.849] [exthost] [info] Lock '/home/david/.vscode-server/data/User/workspaceStorage/fdd918a8d984f0fd3205936aacacad34/vscode.lock': The lock does not look stale, elapsed: 149526 ms, giving up.
[2021-09-03 08:54:52.850] [exthost] [error] Error: EEXIST: file already exists, open '/home/david/.vscode-server/data/User/workspaceStorage/fdd918a8d984f0fd3205936aacacad34-1/vscode.lock'
[2021-09-03 08:54:52.855] [exthost] [info] Lock '/home/david/.vscode-server/data/User/workspaceStorage/fdd918a8d984f0fd3205936aacacad34-1/vscode.lock': Could not acquire lock, checking if the file is stale.
[2021-09-03 08:54:52.855] [exthost] [info] Lock '/home/david/.vscode-server/data/User/workspaceStorage/fdd918a8d984f0fd3205936aacacad34-1/vscode.lock': The lock looks stale, waiting for 2s.
[2021-09-03 08:54:52.895] [exthost] [info] ExtensionService#_doActivateExtension vscode.php-language-features {"startup":false,"extensionId":{"value":"vscode.php-language-features","_lower":"vscode.php-language-features"},"activationEvent":"onLanguage:php"}
[2021-09-03 08:54:52.899] [exthost] [info] ExtensionService#loadCommonJSModule file:///home/david/.vscode-server/bin/3866c3553be8b268c8a7f8c0482c0c0177aa8bfa/extensions/php-language-features/dist/phpMain
[2021-09-03 08:54:52.952] [exthost] [info] ExtensionService#_doActivateExtension vscode.debug-auto-launch {"startup":true,"extensionId":{"value":"vscode.debug-auto-launch","_lower":"vscode.debug-auto-launch"},"activationEvent":"*"}
[2021-09-03 08:54:52.953] [exthost] [info] ExtensionService#loadCommonJSModule file:///home/david/.vscode-server/bin/3866c3553be8b268c8a7f8c0482c0c0177aa8bfa/extensions/debug-auto-launch/dist/extension
[2021-09-03 08:54:52.995] [exthost] [info] ExtensionService#_doActivateExtension vscode.git {"startup":true,"extensionId":{"value":"vscode.github","_lower":"vscode.github"},"activationEvent":"*"}
[2021-09-03 08:54:52.996] [exthost] [info] ExtensionService#loadCommonJSModule file:///home/david/.vscode-server/bin/3866c3553be8b268c8a7f8c0482c0c0177aa8bfa/extensions/git/dist/main
[2021-09-03 08:54:53.257] [exthost] [info] ExtensionService#_doActivateExtension vscode.npm {"startup":true,"extensionId":{"value":"vscode.npm","_lower":"vscode.npm"},"activationEvent":"workspaceContains:package.json"}
[2021-09-03 08:54:53.257] [exthost] [info] ExtensionService#loadCommonJSModule file:///home/david/.vscode-server/bin/3866c3553be8b268c8a7f8c0482c0c0177aa8bfa/extensions/npm/dist/npmMain
[2021-09-03 08:54:54.857] [exthost] [info] Lock '/home/david/.vscode-server/data/User/workspaceStorage/fdd918a8d984f0fd3205936aacacad34-1/vscode.lock': The lock looks stale even after waiting for 2s.
[2021-09-03 08:54:54.857] [exthost] [info] Lock '/home/david/.vscode-server/data/User/workspaceStorage/fdd918a8d984f0fd3205936aacacad34-1/vscode.lock': Deleting a stale lock.
[2021-09-03 08:54:54.864] [exthost] [info] Lock '/home/david/.vscode-server/data/User/workspaceStorage/fdd918a8d984f0fd3205936aacacad34-1/vscode.lock': Lock acquired.
[2021-09-03 08:54:54.965] [exthost] [info] ExtensionService#_doActivateExtension ms-vscode.js-debug {"startup":false,"extensionId":{"value":"ms-vscode.js-debug","_lower":"ms-vscode.js-debug"},"activationEvent":"onCommand:extension.js-debug.clearAutoAttachVariables"}
[2021-09-03 08:54:54.966] [exthost] [info] ExtensionService#loadCommonJSModule file:///home/david/.vscode-server/bin/3866c3553be8b268c8a7f8c0482c0c0177aa8bfa/extensions/ms-vscode.js-debug/src/extension.js
[2021-09-03 08:54:55.368] [exthost] [info] ExtensionService#_doActivateExtension vscode.github {"startup":true,"extensionId":{"value":"vscode.github","_lower":"vscode.github"},"activationEvent":"*"}
[2021-09-03 08:54:55.368] [exthost] [info] ExtensionService#loadCommonJSModule file:///home/david/.vscode-server/bin/3866c3553be8b268c8a7f8c0482c0c0177aa8bfa/extensions/github/dist/extension.js
[2021-09-03 08:54:55.746] [exthost] [info] ExtensionService#_doActivateExtension vscode.emmet {"startup":false,"extensionId":{"value":"vscode.emmet","_lower":"vscode.emmet"},"activationEvent":"onStartupFinished"}
[2021-09-03 08:54:55.746] [exthost] [info] ExtensionService#loadCommonJSModule file:///home/david/.vscode-server/bin/3866c3553be8b268c8a7f8c0482c0c0177aa8bfa/extensions/emmet/dist/node/emmetNodeMain
[2021-09-03 08:54:55.762] [exthost] [info] ExtensionService#_doActivateExtension vscode.merge-conflict {"startup":false,"extensionId":{"value":"vscode.merge-conflict","_lower":"vscode.merge-conflict"},"activationEvent":"onStartupFinished"}
[2021-09-03 08:54:55.762] [exthost] [info] ExtensionService#loadCommonJSModule file:///home/david/.vscode-server/bin/3866c3553be8b268c8a7f8c0482c0c0177aa8bfa/extensions/merge-conflict/dist/mergeConflictMain
[2021-09-03 08:54:55.767] [exthost] [info] eager extensions activated
[2021-09-03 08:56:41.315] [exthost] [info] extension host terminating: received terminate message from renderer
[2021-09-03 08:56:41.316] [exthost] [info] Lock '/home/david/.vscode-server/data/User/workspaceStorage/fdd918a8d984f0fd3205936aacacad34-1/vscode.lock': Marking the lockfile as scheduled to be released in 6000 ms.
[2021-09-03 08:56:42.338] [exthost] [info] exiting with code 0
